<?xml version="1.0" encoding="UTF-8"?>
<testng-results skipped="0" failed="0" total="1" passed="1">
  <reporter-output>
  </reporter-output>
  <suite name="Command line suite" duration-ms="198" started-at="2017-12-11T09:22:35Z" finished-at="2017-12-11T09:22:35Z">
    <groups>
    </groups>
    <test name="Command line test" duration-ms="198" started-at="2017-12-11T09:22:35Z" finished-at="2017-12-11T09:22:35Z">
      <class name="secod_my_maven.maven.AppTest">
        <test-method status="PASS" signature="testApp()[pri:0, instance:testApp(secod_my_maven.maven.AppTest)]" name="testApp" duration-ms="2" started-at="2017-12-11T17:22:35Z" finished-at="2017-12-11T17:22:35Z">
          <reporter-output>
          </reporter-output>
        </test-method> <!-- testApp -->
      </class> <!-- secod_my_maven.maven.AppTest -->
    </test> <!-- Command line test -->
  </suite> <!-- Command line suite -->
</testng-results>
